"D:/CSE381/UE4Basketball-CSE381-HW2/Content/Fbx_Default_Material.uasset" 0
"D:/CSE381/UE4Basketball-CSE381-HW2/Content/Fbx_Default_Material.uexp" 1
"D:/CSE381/UE4Basketball-CSE381-HW2/Content/Sphere.uasset" 2
"D:/CSE381/UE4Basketball-CSE381-HW2/Content/Sphere.uexp" 3
"D:/CSE381/UE4Basketball-CSE381-HW2/Content/HeroFPP_Skeleton.uasset" 4
"D:/CSE381/UE4Basketball-CSE381-HW2/Content/HeroFPP_Skeleton.uexp" 5
"../../../Engine/Content/Animation/DefaultAnimBoneCompressionSettings.uasset" 6
"../../../Engine/Content/Animation/DefaultAnimBoneCompressionSettings.uexp" 7
"../../../Engine/Content/Animation/DefaultAnimCurveCompressionSettings.uasset" 8
"../../../Engine/Content/Animation/DefaultAnimCurveCompressionSettings.uexp" 9
"D:/CSE381/UE4Basketball-CSE381-HW2/Content/Animations/FPP_Idle.uasset" 10
"D:/CSE381/UE4Basketball-CSE381-HW2/Content/Animations/FPP_Idle.uexp" 11
"D:/CSE381/UE4Basketball-CSE381-HW2/Content/Animations/FPP_Run.uasset" 12
"D:/CSE381/UE4Basketball-CSE381-HW2/Content/Animations/FPP_Run.uexp" 13
"D:/CSE381/UE4Basketball-CSE381-HW2/Content/Blueprints/BasketBallGameInstance.uasset" 14
"D:/CSE381/UE4Basketball-CSE381-HW2/Content/Blueprints/BasketBallGameInstance.uexp" 15
"D:/CSE381/UE4Basketball-CSE381-HW2/Content/Animations/Basketball_Run.uasset" 16
"D:/CSE381/UE4Basketball-CSE381-HW2/Content/Animations/Basketball_Run.uexp" 17
"D:/CSE381/UE4Basketball-CSE381-HW2/Content/Animations/FPP_JumpStart.uasset" 18
"D:/CSE381/UE4Basketball-CSE381-HW2/Content/Animations/FPP_JumpStart.uexp" 19
"D:/CSE381/UE4Basketball-CSE381-HW2/Content/Animations/FPP_JumpEnd.uasset" 20
"D:/CSE381/UE4Basketball-CSE381-HW2/Content/Animations/FPP_JumpEnd.uexp" 21
"D:/CSE381/UE4Basketball-CSE381-HW2/Content/Animations/FPP_JumpLoop.uasset" 22
"D:/CSE381/UE4Basketball-CSE381-HW2/Content/Animations/FPP_JumpLoop.uexp" 23
"D:/CSE381/UE4Basketball-CSE381-HW2/Content/Animations/Basketball_Idle.uasset" 24
"D:/CSE381/UE4Basketball-CSE381-HW2/Content/Animations/Basketball_Idle.uexp" 25
"D:/CSE381/UE4Basketball-CSE381-HW2/Content/Animations/Arms_AnimBP.uasset" 26
"D:/CSE381/UE4Basketball-CSE381-HW2/Content/Animations/Arms_AnimBP.uexp" 27
"D:/CSE381/UE4Basketball-CSE381-HW2/Content/HeroFPP_PhysicsAsset.uasset" 28
"D:/CSE381/UE4Basketball-CSE381-HW2/Content/HeroFPP_PhysicsAsset.uexp" 29
"D:/CSE381/UE4Basketball-CSE381-HW2/Content/WorldGridMaterial.uasset" 30
"D:/CSE381/UE4Basketball-CSE381-HW2/Content/WorldGridMaterial.uexp" 31
"D:/CSE381/UE4Basketball-CSE381-HW2/Content/HeroFPP.uasset" 32
"D:/CSE381/UE4Basketball-CSE381-HW2/Content/HeroFPP.uexp" 33
"D:/CSE381/UE4Basketball-CSE381-HW2/Content/GenericMale_Skeleton.uasset" 34
"D:/CSE381/UE4Basketball-CSE381-HW2/Content/GenericMale_Skeleton.uexp" 35
"D:/CSE381/UE4Basketball-CSE381-HW2/Content/GenericMale_PhysicsAsset.uasset" 36
"D:/CSE381/UE4Basketball-CSE381-HW2/Content/GenericMale_PhysicsAsset.uexp" 37
"D:/CSE381/UE4Basketball-CSE381-HW2/Content/proxy_geo_body_m.uasset" 38
"D:/CSE381/UE4Basketball-CSE381-HW2/Content/proxy_geo_body_m.uexp" 39
"D:/CSE381/UE4Basketball-CSE381-HW2/Content/lambert2.uasset" 40
"D:/CSE381/UE4Basketball-CSE381-HW2/Content/lambert2.uexp" 41
"D:/CSE381/UE4Basketball-CSE381-HW2/Content/GenericMale.uasset" 42
"D:/CSE381/UE4Basketball-CSE381-HW2/Content/GenericMale.uexp" 43
"../../../Engine/Content/BasicShapes/BasicShapeMaterial.uasset" 44
"../../../Engine/Content/BasicShapes/BasicShapeMaterial.uexp" 45
"../../../Engine/Content/EngineMaterials/T_Default_Material_Grid_N.uasset" 46
"../../../Engine/Content/EngineMaterials/T_Default_Material_Grid_N.uexp" 47
"../../../Engine/Content/EngineMaterials/T_Default_Material_Grid_N.ubulk" 48
"../../../Engine/Content/EngineMaterials/T_Default_Material_Grid_M.uasset" 49
"../../../Engine/Content/EngineMaterials/T_Default_Material_Grid_M.uexp" 50
"../../../Engine/Content/EngineMaterials/T_Default_Material_Grid_M.ubulk" 51
"../../../Engine/Content/Functions/Engine_MaterialFunctions01/Opacity/CameraDepthFade.uasset" 52
"../../../Engine/Content/Functions/Engine_MaterialFunctions01/Opacity/CameraDepthFade.uexp" 53
"../../../Engine/Content/EngineMaterials/DefaultMaterial.uasset" 54
"../../../Engine/Content/EngineMaterials/DefaultMaterial.uexp" 55
"../../../Engine/Content/BasicShapes/Sphere.uasset" 56
"../../../Engine/Content/BasicShapes/Sphere.uexp" 57
"D:/CSE381/UE4Basketball-CSE381-HW2/Content/Blueprints/GameOver.uasset" 58
"D:/CSE381/UE4Basketball-CSE381-HW2/Content/Blueprints/GameOver.uexp" 59
"D:/CSE381/UE4Basketball-CSE381-HW2/Content/Blueprints/BP_BasketballCharacter.uasset" 60
"D:/CSE381/UE4Basketball-CSE381-HW2/Content/Blueprints/BP_BasketballCharacter.uexp" 61
"D:/CSE381/UE4Basketball-CSE381-HW2/Content/crosshair.uasset" 62
"D:/CSE381/UE4Basketball-CSE381-HW2/Content/crosshair.uexp" 63
"D:/CSE381/UE4Basketball-CSE381-HW2/Content/Blueprints/BP_FPSHUD.uasset" 64
"D:/CSE381/UE4Basketball-CSE381-HW2/Content/Blueprints/BP_FPSHUD.uexp" 65
"D:/CSE381/UE4Basketball-CSE381-HW2/Content/Blueprints/Timer.uasset" 66
"D:/CSE381/UE4Basketball-CSE381-HW2/Content/Blueprints/Timer.uexp" 67
"D:/CSE381/UE4Basketball-CSE381-HW2/Content/Blueprints/BP_BasketballGameModeBase.uasset" 68
"D:/CSE381/UE4Basketball-CSE381-HW2/Content/Blueprints/BP_BasketballGameModeBase.uexp" 69
"D:/CSE381/UE4Basketball-CSE381-HW2/Content/Blueprints/BasketRed.uasset" 70
"D:/CSE381/UE4Basketball-CSE381-HW2/Content/Blueprints/BasketRed.uexp" 71
"../../../Engine/Content/EngineMaterials/WorldGridMaterial.uasset" 72
"../../../Engine/Content/EngineMaterials/WorldGridMaterial.uexp" 73
"../../../Engine/Content/ArtTools/RenderToTexture/Meshes/S_1_Unit_Plane.uasset" 74
"../../../Engine/Content/ArtTools/RenderToTexture/Meshes/S_1_Unit_Plane.uexp" 75
"../../../Engine/Content/BasicShapes/Cone.uasset" 76
"../../../Engine/Content/BasicShapes/Cone.uexp" 77
"../../../Engine/Content/BasicShapes/Cube.uasset" 78
"../../../Engine/Content/BasicShapes/Cube.uexp" 79
"../../../Engine/Content/EditorLandscapeResources/DataLayer.uasset" 80
"../../../Engine/Content/EditorLandscapeResources/DataLayer.uexp" 81
"../../../Engine/Content/EditorLandscapeResources/DefaultAlphaTexture.uasset" 82
"../../../Engine/Content/EditorLandscapeResources/DefaultAlphaTexture.uexp" 83
"../../../Engine/Content/EditorMaterials/MAT_Groups_Toggle.uasset" 84
"../../../Engine/Content/EditorMaterials/MAT_Groups_Toggle.uexp" 85
"../../../Engine/Content/EditorMaterials/MAT_Groups_Visibility.uasset" 86
"../../../Engine/Content/EditorMaterials/MAT_Groups_Visibility.uexp" 87
"../../../Engine/Content/EditorMaterials/PreviewShadowIndicator.uasset" 88
"../../../Engine/Content/EditorMaterials/PreviewShadowIndicator.uexp" 89
"../../../Engine/Content/EditorMaterials/PreviewShadowIndicator.ubulk" 90
"../../../Engine/Content/EditorMaterials/PreviewShadowIndicatorMaterial.uasset" 91
"../../../Engine/Content/EditorMaterials/PreviewShadowIndicatorMaterial.uexp" 92
"../../../Engine/Content/EditorMaterials/MatineeGroups/MAT_ColorTrack.uasset" 93
"../../../Engine/Content/EditorMaterials/MatineeGroups/MAT_ColorTrack.uexp" 94
"../../../Engine/Content/EditorMaterials/MatineeGroups/MAT_Groups_Anim.uasset" 95
"../../../Engine/Content/EditorMaterials/MatineeGroups/MAT_Groups_Anim.uexp" 96
"../../../Engine/Content/EditorMaterials/MatineeGroups/MAT_Groups_AudioMaster.uasset" 97
"../../../Engine/Content/EditorMaterials/MatineeGroups/MAT_Groups_AudioMaster.uexp" 98
"../../../Engine/Content/EditorMaterials/MatineeGroups/MAT_Groups_Director.uasset" 99
"../../../Engine/Content/EditorMaterials/MatineeGroups/MAT_Groups_Director.uexp" 100
"../../../Engine/Content/EditorMaterials/MatineeGroups/MAT_Groups_Event.uasset" 101
"../../../Engine/Content/EditorMaterials/MatineeGroups/MAT_Groups_Event.uexp" 102
"../../../Engine/Content/EditorMaterials/MatineeGroups/MAT_Groups_Fade.uasset" 103
"../../../Engine/Content/EditorMaterials/MatineeGroups/MAT_Groups_Fade.uexp" 104
"../../../Engine/Content/EditorMaterials/MatineeGroups/MAT_Groups_Float.uasset" 105
"../../../Engine/Content/EditorMaterials/MatineeGroups/MAT_Groups_Float.uexp" 106
"../../../Engine/Content/EditorMaterials/MatineeGroups/MAT_Groups_Move.uasset" 107
"../../../Engine/Content/EditorMaterials/MatineeGroups/MAT_Groups_Move.uexp" 108
"../../../Engine/Content/EditorMaterials/MatineeGroups/MAT_Groups_Slomo.uasset" 109
"../../../Engine/Content/EditorMaterials/MatineeGroups/MAT_Groups_Slomo.uexp" 110
"../../../Engine/Content/EditorMaterials/MatineeGroups/MAT_Groups_Sound.uasset" 111
"../../../Engine/Content/EditorMaterials/MatineeGroups/MAT_Groups_Sound.uexp" 112
"../../../Engine/Content/EditorMaterials/MatineeGroups/MAT_Groups_Vector.uasset" 113
"../../../Engine/Content/EditorMaterials/MatineeGroups/MAT_Groups_Vector.uexp" 114
"../../../Engine/Content/EditorMaterials/ParticleSystems/PSysThumbnail_NoImage.uasset" 115
"../../../Engine/Content/EditorMaterials/ParticleSystems/PSysThumbnail_NoImage.uexp" 116
"../../../Engine/Content/EditorMaterials/ParticleSystems/PSysThumbnail_NoImage.ubulk" 117
"../../../Engine/Content/EditorMaterials/ParticleSystems/PSysThumbnail_OOD.uasset" 118
"../../../Engine/Content/EditorMaterials/ParticleSystems/PSysThumbnail_OOD.uexp" 119
"../../../Engine/Content/EditorMaterials/ParticleSystems/PSysThumbnail_OOD.ubulk" 120
"../../../Engine/Content/EditorMaterials/Camera/CineMat.uasset" 121
"../../../Engine/Content/EditorMaterials/Camera/CineMat.uexp" 122
"../../../Engine/Content/EditorMaterials/Camera/MI_CineMat_Rig.uasset" 123
"../../../Engine/Content/EditorMaterials/Camera/MI_CineMat_Rig.uexp" 124
"../../../Engine/Content/EditorMeshes/Camera/SM_CraneRig_Arm.uasset" 125
"../../../Engine/Content/EditorMeshes/Camera/SM_CraneRig_Arm.uexp" 126
"../../../Engine/Content/EditorMeshes/Camera/SM_CraneRig_Base.uasset" 127
"../../../Engine/Content/EditorMeshes/Camera/SM_CraneRig_Base.uexp" 128
"../../../Engine/Content/EditorMeshes/Camera/SM_CraneRig_Body.uasset" 129
"../../../Engine/Content/EditorMeshes/Camera/SM_CraneRig_Body.uexp" 130
"../../../Engine/Content/EditorMeshes/Camera/SM_CraneRig_Mount.uasset" 131
"../../../Engine/Content/EditorMeshes/Camera/SM_CraneRig_Mount.uexp" 132
"../../../Engine/Content/EditorMeshes/Camera/SM_RailRig_Mount.uasset" 133
"../../../Engine/Content/EditorMeshes/Camera/SM_RailRig_Mount.uexp" 134
"../../../Engine/Content/EditorMeshes/Camera/SM_RailRig_Track.uasset" 135
"../../../Engine/Content/EditorMeshes/Camera/SM_RailRig_Track.uexp" 136
"../../../Engine/Content/EditorResources/BSPVertex.uasset" 137
"../../../Engine/Content/EditorResources/BSPVertex.uexp" 138
"../../../Engine/Content/EditorResources/EmptyActor.uasset" 139
"../../../Engine/Content/EditorResources/EmptyActor.uexp" 140
"../../../Engine/Content/EditorResources/S_Actor.uasset" 141
"../../../Engine/Content/EditorResources/S_Actor.uexp" 142
"../../../Engine/Content/EditorResources/S_Actor.ubulk" 143
"../../../Engine/Content/EditorResources/S_Note.uasset" 144
"../../../Engine/Content/EditorResources/S_Note.uexp" 145
"../../../Engine/Content/EditorResources/S_Note.ubulk" 146
"../../../Engine/Content/EditorResources/S_Solver.uasset" 147
"../../../Engine/Content/EditorResources/S_Solver.uexp" 148
"../../../Engine/Content/EditorResources/S_Solver.ubulk" 149
"../../../Engine/Content/EditorResources/S_Terrain.uasset" 150
"../../../Engine/Content/EditorResources/S_Terrain.uexp" 151
"../../../Engine/Content/EditorResources/S_Terrain.ubulk" 152
"../../../Engine/Content/EditorResources/S_Trigger.uasset" 153
"../../../Engine/Content/EditorResources/S_Trigger.uexp" 154
"../../../Engine/Content/EditorResources/S_Trigger.ubulk" 155
"../../../Engine/Content/EditorResources/LightIcons/S_LightError.uasset" 156
"../../../Engine/Content/EditorResources/LightIcons/S_LightError.uexp" 157
"../../../Engine/Content/EditorResources/SequenceRecorder/Countdown.uasset" 158
"../../../Engine/Content/EditorResources/SequenceRecorder/Countdown.uexp" 159
"../../../Engine/Content/EditorResources/SequenceRecorder/RecordingIndicator.uasset" 160
"../../../Engine/Content/EditorResources/SequenceRecorder/RecordingIndicator.uexp" 161
"../../../Engine/Content/EngineDamageTypes/DmgTypeBP_Environmental.uasset" 162
"../../../Engine/Content/EngineDamageTypes/DmgTypeBP_Environmental.uexp" 163
"../../../Engine/Content/EngineDebugMaterials/DebugEditorMaterial.uasset" 164
"../../../Engine/Content/EngineDebugMaterials/DebugEditorMaterial.uexp" 165
"../../../Engine/Content/EngineDebugMaterials/DebugMeshMaterial.uasset" 166
"../../../Engine/Content/EngineDebugMaterials/DebugMeshMaterial.uexp" 167
"../../../Engine/Content/EngineDebugMaterials/M_SimpleUnlitTranslucent.uasset" 168
"../../../Engine/Content/EngineDebugMaterials/M_SimpleUnlitTranslucent.uexp" 169
"../../../Engine/Content/EngineDebugMaterials/VolumeToRender.uasset" 170
"../../../Engine/Content/EngineDebugMaterials/VolumeToRender.uexp" 171
"../../../Engine/Content/Functions/Engine_MaterialFunctions02/Utility/CameraDirectionVector.uasset" 172
"../../../Engine/Content/Functions/Engine_MaterialFunctions02/Utility/CameraDirectionVector.uexp" 173
"../../../Engine/Content/EngineDebugMaterials/M_VolumeRenderSphereTracePP.uasset" 174
"../../../Engine/Content/EngineDebugMaterials/M_VolumeRenderSphereTracePP.uexp" 175
"../../../Engine/Content/Functions/Engine_MaterialFunctions01/Shading/ConvertFromDiffSpec.uasset" 176
"../../../Engine/Content/Functions/Engine_MaterialFunctions01/Shading/ConvertFromDiffSpec.uexp" 177
"../../../Engine/Content/EngineDebugMaterials/VertexColorMaterial.uasset" 178
"../../../Engine/Content/EngineDebugMaterials/VertexColorMaterial.uexp" 179
"../../../Engine/Content/EngineDebugMaterials/WireframeMaterial.uasset" 180
"../../../Engine/Content/EngineDebugMaterials/WireframeMaterial.uexp" 181
"../../../Engine/Content/EngineFonts/Faces/RobotoRegular.uasset" 182
"../../../Engine/Content/EngineFonts/Faces/RobotoRegular.uexp" 183
"../../../Engine/Content/EngineFonts/Faces/RobotoRegular.ufont" 184
"../../../Engine/Content/EngineFonts/Faces/RobotoLight.uasset" 185
"../../../Engine/Content/EngineFonts/Faces/RobotoLight.uexp" 186
"../../../Engine/Content/EngineFonts/Faces/RobotoLight.ufont" 187
"../../../Engine/Content/EngineFonts/Faces/RobotoItalic.uasset" 188
"../../../Engine/Content/EngineFonts/Faces/RobotoItalic.uexp" 189
"../../../Engine/Content/EngineFonts/Faces/RobotoItalic.ufont" 190
"../../../Engine/Content/EngineFonts/Faces/RobotoBoldItalic.uasset" 191
"../../../Engine/Content/EngineFonts/Faces/RobotoBoldItalic.uexp" 192
"../../../Engine/Content/EngineFonts/Faces/RobotoBoldItalic.ufont" 193
"../../../Engine/Content/EngineFonts/Faces/RobotoBold.uasset" 194
"../../../Engine/Content/EngineFonts/Faces/RobotoBold.uexp" 195
"../../../Engine/Content/EngineFonts/Faces/RobotoBold.ufont" 196
"../../../Engine/Content/EngineFonts/Faces/DroidSansFallback.uasset" 197
"../../../Engine/Content/EngineFonts/Faces/DroidSansFallback.uexp" 198
"../../../Engine/Content/EngineFonts/Faces/DroidSansFallback.ufont" 199
"../../../Engine/Content/EngineFonts/Roboto.uasset" 200
"../../../Engine/Content/EngineFonts/Roboto.uexp" 201
"../../../Engine/Content/EngineMaterials/BaseFlattenNormalMap.uasset" 202
"../../../Engine/Content/EngineMaterials/BaseFlattenNormalMap.uexp" 203
"../../../Engine/Content/EngineMaterials/BaseFlattenGrayscaleMap.uasset" 204
"../../../Engine/Content/EngineMaterials/BaseFlattenGrayscaleMap.uexp" 205
"../../../Engine/Content/EngineMaterials/BaseFlattenEmissiveMap.uasset" 206
"../../../Engine/Content/EngineMaterials/BaseFlattenEmissiveMap.uexp" 207
"../../../Engine/Content/EngineMaterials/BaseFlattenDiffuseMap.uasset" 208
"../../../Engine/Content/EngineMaterials/BaseFlattenDiffuseMap.uexp" 209
"../../../Engine/Content/EngineMaterials/BaseFlattenMaterial.uasset" 210
"../../../Engine/Content/EngineMaterials/BaseFlattenMaterial.uexp" 211
"../../../Engine/Content/EngineMaterials/BlueNoise.uasset" 212
"../../../Engine/Content/EngineMaterials/BlueNoise.uexp" 213
"../../../Engine/Content/EngineMaterials/DefaultBloomKernel.uasset" 214
"../../../Engine/Content/EngineMaterials/DefaultBloomKernel.uexp" 215
"../../../Engine/Content/EngineMaterials/DefaultBokeh.uasset" 216
"../../../Engine/Content/EngineMaterials/DefaultBokeh.uexp" 217
"../../../Engine/Content/EngineMaterials/DefaultDiffuse.uasset" 218
"../../../Engine/Content/EngineMaterials/DefaultDiffuse.uexp" 219
"../../../Engine/Content/EngineMaterials/DefaultDiffuse.ubulk" 220
"../../../Engine/Content/EngineMaterials/DefaultDeferredDecalMaterial.uasset" 221
"../../../Engine/Content/EngineMaterials/DefaultDeferredDecalMaterial.uexp" 222
"../../../Engine/Content/EngineMaterials/DefaultLightFunctionMaterial.uasset" 223
"../../../Engine/Content/EngineMaterials/DefaultLightFunctionMaterial.uexp" 224
"../../../Engine/Content/EngineMaterials/DefaultPhysicalMaterial.uasset" 225
"../../../Engine/Content/EngineMaterials/DefaultPhysicalMaterial.uexp" 226
"../../../Engine/Content/Functions/Engine_MaterialFunctions02/Utility/BreakOutFloat2Components.uasset" 227
"../../../Engine/Content/Functions/Engine_MaterialFunctions02/Utility/BreakOutFloat2Components.uexp" 228
"../../../Engine/Content/EngineMaterials/DefaultPostProcessMaterial.uasset" 229
"../../../Engine/Content/EngineMaterials/DefaultPostProcessMaterial.uexp" 230
"../../../Engine/Content/EngineFonts/RobotoDistanceField.uasset" 231
"../../../Engine/Content/EngineFonts/RobotoDistanceField.uexp" 232
"../../../Engine/Content/EngineMaterials/DefaultTextMaterialOpaque.uasset" 233
"../../../Engine/Content/EngineMaterials/DefaultTextMaterialOpaque.uexp" 234
"../../../Engine/Content/EngineMaterials/DefaultWhiteGrid.uasset" 235
"../../../Engine/Content/EngineMaterials/DefaultWhiteGrid.uexp" 236
"../../../Engine/Content/EngineMaterials/DefaultWhiteGrid.ubulk" 237
"../../../Engine/Content/EngineMaterials/DefaultWhiteGrid_Low.uasset" 238
"../../../Engine/Content/EngineMaterials/DefaultWhiteGrid_Low.uexp" 239
"../../../Engine/Content/EngineMaterials/EmissiveMeshMaterial.uasset" 240
"../../../Engine/Content/EngineMaterials/EmissiveMeshMaterial.uexp" 241
"../../../Engine/Content/EngineMaterials/GizmoMaterial.uasset" 242
"../../../Engine/Content/EngineMaterials/GizmoMaterial.uexp" 243
"../../../Engine/Content/EngineMaterials/Good64x64TilingNoiseHighFreq.uasset" 244
"../../../Engine/Content/EngineMaterials/Good64x64TilingNoiseHighFreq.uexp" 245
"../../../Engine/Content/EngineMaterials/MiniFont.uasset" 246
"../../../Engine/Content/EngineMaterials/MiniFont.uexp" 247
"../../../Engine/Content/EngineMaterials/InvalidLightmapSettings.uasset" 248
"../../../Engine/Content/EngineMaterials/InvalidLightmapSettings.uexp" 249
"../../../Engine/Content/EngineMaterials/InvalidLightmapSettings.ubulk" 250
"../../../Engine/Content/EngineMaterials/M_InvalidLightmapSettings.uasset" 251
"../../../Engine/Content/EngineMaterials/M_InvalidLightmapSettings.uexp" 252
"../../../Engine/Content/Functions/Engine_MaterialFunctions02/WorldPositionOffset/CameraOffset.uasset" 253
"../../../Engine/Content/Functions/Engine_MaterialFunctions02/WorldPositionOffset/CameraOffset.uexp" 254
"../../../Engine/Content/EngineMaterials/PhAT_JointLimitMaterial.uasset" 255
"../../../Engine/Content/EngineMaterials/PhAT_JointLimitMaterial.uexp" 256
"../../../Engine/Content/EngineMaterials/DefaultCalibrationColor.uasset" 257
"../../../Engine/Content/EngineMaterials/DefaultCalibrationColor.uexp" 258
"../../../Engine/Content/EngineMaterials/PPM_DefaultCalibrationColor.uasset" 259
"../../../Engine/Content/EngineMaterials/PPM_DefaultCalibrationColor.uexp" 260
"../../../Engine/Content/EngineMaterials/DefaultCalibrationGrayscale.uasset" 261
"../../../Engine/Content/EngineMaterials/DefaultCalibrationGrayscale.uexp" 262
"../../../Engine/Content/EngineMaterials/PPM_DefaultCalibrationGrayscale.uasset" 263
"../../../Engine/Content/EngineMaterials/PPM_DefaultCalibrationGrayscale.uexp" 264
"../../../Engine/Content/EngineMaterials/PreintegratedSkinBRDF.uasset" 265
"../../../Engine/Content/EngineMaterials/PreintegratedSkinBRDF.uexp" 266
"../../../Engine/Content/EngineMaterials/RemoveSurfaceMaterial.uasset" 267
"../../../Engine/Content/EngineMaterials/RemoveSurfaceMaterial.uexp" 268
"../../../Engine/Content/EngineMaterials/WeightMapPlaceholderTexture.uasset" 269
"../../../Engine/Content/EngineMaterials/WeightMapPlaceholderTexture.uexp" 270
"../../../Engine/Content/EngineResources/WhiteSquareTexture.uasset" 271
"../../../Engine/Content/EngineResources/WhiteSquareTexture.uexp" 272
"../../../Engine/Content/EngineMaterials/Widget3DPassThrough.uasset" 273
"../../../Engine/Content/EngineMaterials/Widget3DPassThrough.uexp" 274
"../../../Engine/Content/EngineMaterials/Widget3DPassThrough_Masked.uasset" 275
"../../../Engine/Content/EngineMaterials/Widget3DPassThrough_Masked.uexp" 276
"../../../Engine/Content/EngineMaterials/Widget3DPassThrough_Opaque.uasset" 277
"../../../Engine/Content/EngineMaterials/Widget3DPassThrough_Opaque.uexp" 278
"../../../Engine/Content/EngineMaterials/Widget3DPassThrough_Masked_OneSided.uasset" 279
"../../../Engine/Content/EngineMaterials/Widget3DPassThrough_Masked_OneSided.uexp" 280
"../../../Engine/Content/EngineMaterials/Widget3DPassThrough_Opaque_OneSided.uasset" 281
"../../../Engine/Content/EngineMaterials/Widget3DPassThrough_Opaque_OneSided.uexp" 282
"../../../Engine/Content/EngineMaterials/Widget3DPassThrough_Translucent.uasset" 283
"../../../Engine/Content/EngineMaterials/Widget3DPassThrough_Translucent.uexp" 284
"../../../Engine/Content/EngineMaterials/Widget3DPassThrough_Translucent_OneSided.uasset" 285
"../../../Engine/Content/EngineMaterials/Widget3DPassThrough_Translucent_OneSided.uexp" 286
"../../../Engine/Content/EngineMeshes/Cylinder.uasset" 287
"../../../Engine/Content/EngineMeshes/Cylinder.uexp" 288
"../../../Engine/Content/EngineMeshes/Sphere.uasset" 289
"../../../Engine/Content/EngineMeshes/Sphere.uexp" 290
"../../../Engine/Content/EngineResources/DefaultTexture.uasset" 291
"../../../Engine/Content/EngineResources/DefaultTexture.uexp" 292
"../../../Engine/Content/EngineResources/DefaultTexture.ubulk" 293
"../../../Engine/Content/EngineResources/DefaultTextureCube.uasset" 294
"../../../Engine/Content/EngineResources/DefaultTextureCube.uexp" 295
"../../../Engine/Content/EngineResources/DefaultVolumeTexture2D.uasset" 296
"../../../Engine/Content/EngineResources/DefaultVolumeTexture2D.uexp" 297
"../../../Engine/Content/EngineResources/DefaultVolumeTexture.uasset" 298
"../../../Engine/Content/EngineResources/DefaultVolumeTexture.uexp" 299
"../../../Engine/Content/EngineResources/GradientTexture0.uasset" 300
"../../../Engine/Content/EngineResources/GradientTexture0.uexp" 301
"../../../Engine/Content/EngineSky/VolumetricClouds/T_NoiseShape64.uasset" 302
"../../../Engine/Content/EngineSky/VolumetricClouds/T_NoiseShape64.uexp" 303
"../../../Engine/Content/EngineSky/VolumetricClouds/T_NoiseShape64.ubulk" 304
"../../../Engine/Content/EngineSky/VolumetricClouds/T_VolumeNoiseShape64.uasset" 305
"../../../Engine/Content/EngineSky/VolumetricClouds/T_VolumeNoiseShape64.uexp" 306
"../../../Engine/Content/EngineSky/VolumetricClouds/T_NoiseErosion.uasset" 307
"../../../Engine/Content/EngineSky/VolumetricClouds/T_NoiseErosion.uexp" 308
"../../../Engine/Content/EngineSky/VolumetricClouds/T_NoiseErosion.ubulk" 309
"../../../Engine/Content/EngineSky/VolumetricClouds/T_VolumeNoiseErosion32.uasset" 310
"../../../Engine/Content/EngineSky/VolumetricClouds/T_VolumeNoiseErosion32.uexp" 311
"../../../Engine/Content/EngineSky/VolumetricClouds/CloudWeatherTexture.uasset" 312
"../../../Engine/Content/EngineSky/VolumetricClouds/CloudWeatherTexture.uexp" 313
"../../../Engine/Content/EngineSky/VolumetricClouds/CloudGradientTexture.uasset" 314
"../../../Engine/Content/EngineSky/VolumetricClouds/CloudGradientTexture.uexp" 315
"../../../Engine/Content/Functions/Engine_MaterialFunctions02/Utility/MakeFloat2.uasset" 316
"../../../Engine/Content/Functions/Engine_MaterialFunctions02/Utility/MakeFloat2.uexp" 317
"../../../Engine/Content/EngineSky/VolumetricClouds/m_SimpleVolumetricCloud.uasset" 318
"../../../Engine/Content/EngineSky/VolumetricClouds/m_SimpleVolumetricCloud.uexp" 319
"../../../Engine/Content/EngineSky/VolumetricClouds/m_SimpleVolumetricCloud_Inst.uasset" 320
"../../../Engine/Content/EngineSky/VolumetricClouds/m_SimpleVolumetricCloud_Inst.uexp" 321
"../../../Engine/Content/EngineSounds/Master.uasset" 322
"../../../Engine/Content/EngineSounds/Master.uexp" 323
"../../../Engine/Content/Functions/Engine_MaterialFunctions01/Shading/PowerToRoughness.uasset" 324
"../../../Engine/Content/Functions/Engine_MaterialFunctions01/Shading/PowerToRoughness.uexp" 325
"../../../Engine/Content/Maps/Templates/Thumbnails/Default.uasset" 326
"../../../Engine/Content/Maps/Templates/Thumbnails/Default.uexp" 327
"../../../Engine/Content/Maps/Templates/Thumbnails/TimeOfDay.uasset" 328
"../../../Engine/Content/Maps/Templates/Thumbnails/TimeOfDay.uexp" 329
"../../../Engine/Content/Maps/Templates/Thumbnails/VR-Basic.uasset" 330
"../../../Engine/Content/Maps/Templates/Thumbnails/VR-Basic.uexp" 331
"../../../Engine/Content/MobileResources/T_MobileControls_texture.uasset" 332
"../../../Engine/Content/MobileResources/T_MobileControls_texture.uexp" 333
"../../../Engine/Content/MobileResources/T_MobileMenu2.uasset" 334
"../../../Engine/Content/MobileResources/T_MobileMenu2.uexp" 335
"../../../Engine/Content/MobileResources/HUD/AnalogHat.uasset" 336
"../../../Engine/Content/MobileResources/HUD/AnalogHat.uexp" 337
"../../../Engine/Content/MobileResources/HUD/VirtualJoystick_Thumb.uasset" 338
"../../../Engine/Content/MobileResources/HUD/VirtualJoystick_Thumb.uexp" 339
"../../../Engine/Content/MobileResources/HUD/VirtualJoystick_Background.uasset" 340
"../../../Engine/Content/MobileResources/HUD/VirtualJoystick_Background.uexp" 341
"../../../Engine/Content/MobileResources/HUD/DefaultVirtualJoysticks.uasset" 342
"../../../Engine/Content/MobileResources/HUD/DefaultVirtualJoysticks.uexp" 343
"../../../Engine/Content/MobileResources/HUD/LeftVirtualJoystickOnly.uasset" 344
"../../../Engine/Content/MobileResources/HUD/LeftVirtualJoystickOnly.uexp" 345
"../../../Engine/Content/MobileResources/HUD/MobileHUDButton1_off.uasset" 346
"../../../Engine/Content/MobileResources/HUD/MobileHUDButton1_off.uexp" 347
"../../../Engine/Content/MobileResources/HUD/MobileHUDButton1_on.uasset" 348
"../../../Engine/Content/MobileResources/HUD/MobileHUDButton1_on.uexp" 349
"../../../Engine/Content/MobileResources/HUD/MobileHUDButton2_off.uasset" 350
"../../../Engine/Content/MobileResources/HUD/MobileHUDButton2_off.uexp" 351
"../../../Engine/Content/MobileResources/HUD/MobileHUDButton2_on.uasset" 352
"../../../Engine/Content/MobileResources/HUD/MobileHUDButton2_on.uexp" 353
"../../../Engine/Content/MobileResources/HUD/MobileHUDButton3.uasset" 354
"../../../Engine/Content/MobileResources/HUD/MobileHUDButton3.uexp" 355
"../../../Engine/Content/MobileResources/HUD/MobileHUDButtonFire.uasset" 356
"../../../Engine/Content/MobileResources/HUD/MobileHUDButtonFire.uexp" 357
"../../../Engine/Content/MobileResources/HUD/MobileHUDDirectionPad.uasset" 358
"../../../Engine/Content/MobileResources/HUD/MobileHUDDirectionPad.uexp" 359
"../../../Engine/Content/MobileResources/HUD/MobileHUDDirectionPad2.uasset" 360
"../../../Engine/Content/MobileResources/HUD/MobileHUDDirectionPad2.uexp" 361
"../../../Engine/Content/MobileResources/HUD/MobileHUDDirectionPad3.uasset" 362
"../../../Engine/Content/MobileResources/HUD/MobileHUDDirectionPad3.uexp" 363
"../../../Engine/Content/MobileResources/HUD/MobileHUDDirectionStick.uasset" 364
"../../../Engine/Content/MobileResources/HUD/MobileHUDDirectionStick.uexp" 365
"../../../Engine/Content/MobileResources/HUD/T_Castle_ThumbstickInner.uasset" 366
"../../../Engine/Content/MobileResources/HUD/T_Castle_ThumbstickInner.uexp" 367
"../../../Engine/Content/MobileResources/HUD/T_Castle_ThumbstickOutter.uasset" 368
"../../../Engine/Content/MobileResources/HUD/T_Castle_ThumbstickOutter.uexp" 369
"../../../Engine/Content/Tutorial/ContentIntroCurve.uasset" 370
"../../../Engine/Content/Tutorial/ContentIntroCurve.uexp" 371
"../../../Engine/Content/Tutorial/Basics/TutorialAssets/icon_tab_Levels_40x.uasset" 372
"../../../Engine/Content/Tutorial/Basics/TutorialAssets/icon_tab_Levels_40x.uexp" 373
"../../../Engine/Content/VREditor/TransformGizmo/TranslucentTransformGizmoMaterial.uasset" 374
"../../../Engine/Content/VREditor/TransformGizmo/TranslucentTransformGizmoMaterial.uexp" 375
"../../../Engine/Content/VREditor/LaserPointer/VR_LaserPower_01.uasset" 376
"../../../Engine/Content/VREditor/LaserPointer/VR_LaserPower_01.uexp" 377
"../../../Engine/Content/VREditor/LaserPointer/VR_LaserPower_01.ubulk" 378
"../../../Engine/Content/VREditor/TransformGizmo/TransformGizmoMaterial.uasset" 379
"../../../Engine/Content/VREditor/TransformGizmo/TransformGizmoMaterial.uexp" 380
"../../../Engine/Content/VREditor/TransformGizmo/BoundingBoxCorner.uasset" 381
"../../../Engine/Content/VREditor/TransformGizmo/BoundingBoxCorner.uexp" 382
"../../../Engine/Content/VREditor/TransformGizmo/BoundingBoxEdge.uasset" 383
"../../../Engine/Content/VREditor/TransformGizmo/BoundingBoxEdge.uexp" 384
"../../../Engine/Content/VREditor/TransformGizmo/PlaneTranslationHandle.uasset" 385
"../../../Engine/Content/VREditor/TransformGizmo/PlaneTranslationHandle.uexp" 386
"../../../Engine/Content/VREditor/TransformGizmo/Xray.uasset" 387
"../../../Engine/Content/VREditor/TransformGizmo/Xray.uexp" 388
"../../../Engine/Content/VREditor/TransformGizmo/Main.uasset" 389
"../../../Engine/Content/VREditor/TransformGizmo/Main.uexp" 390
"../../../Engine/Content/VREditor/TransformGizmo/SM_Sequencer_Key.uasset" 391
"../../../Engine/Content/VREditor/TransformGizmo/SM_Sequencer_Key.uexp" 392
"../../../Engine/Content/VREditor/TransformGizmo/SM_Sequencer_Node.uasset" 393
"../../../Engine/Content/VREditor/TransformGizmo/SM_Sequencer_Node.uexp" 394
"../../../Engine/Plugins/2D/Paper2D/Content/PlaceholderTextures/DummySpriteTexture.uasset" 395
"../../../Engine/Plugins/2D/Paper2D/Content/PlaceholderTextures/DummySpriteTexture.uexp" 396
"../../../Engine/Plugins/2D/Paper2D/Content/PlaceholderTextures/DummySpriteTexture.ubulk" 397
"../../../Engine/Plugins/2D/Paper2D/Content/DummySprite.uasset" 398
"../../../Engine/Plugins/2D/Paper2D/Content/DummySprite.uexp" 399
"../../../Engine/Plugins/2D/Paper2D/Content/DefaultPaperTerrainMaterial.uasset" 400
"../../../Engine/Plugins/2D/Paper2D/Content/DefaultPaperTerrainMaterial.uexp" 401
"../../../Engine/Plugins/2D/Paper2D/Content/DefaultSpriteMaterial.uasset" 402
"../../../Engine/Plugins/2D/Paper2D/Content/DefaultSpriteMaterial.uexp" 403
"../../../Engine/Plugins/2D/Paper2D/Content/MaskedUnlitSpriteMaterial.uasset" 404
"../../../Engine/Plugins/2D/Paper2D/Content/MaskedUnlitSpriteMaterial.uexp" 405
"../../../Engine/Plugins/2D/Paper2D/Content/OpaqueUnlitSpriteMaterial.uasset" 406
"../../../Engine/Plugins/2D/Paper2D/Content/OpaqueUnlitSpriteMaterial.uexp" 407
"../../../Engine/Content/BasicShapes/Cylinder.uasset" 408
"../../../Engine/Content/BasicShapes/Cylinder.uexp" 409
"../../../Engine/Content/ArtTools/RenderToTexture/Materials/Debug/M_Emissive_Color.uasset" 410
"../../../Engine/Content/ArtTools/RenderToTexture/Materials/Debug/M_Emissive_Color.uexp" 411
"../../../Engine/Plugins/Lumin/MagicLeapPassableWorld/Content/MagicLeapARPinInfoActor.uasset" 412
"../../../Engine/Plugins/Lumin/MagicLeapPassableWorld/Content/MagicLeapARPinInfoActor.uexp" 413
"../../../Engine/Content/Functions/Engine_MaterialFunctions02/Utility/BreakOutFloat3Components.uasset" 414
"../../../Engine/Content/Functions/Engine_MaterialFunctions02/Utility/BreakOutFloat3Components.uexp" 415
"../../../Engine/Plugins/Editor/SpeedTreeImporter/Content/SpeedTree9/UnpackInteger3.uasset" 416
"../../../Engine/Plugins/Editor/SpeedTreeImporter/Content/SpeedTree9/UnpackInteger3.uexp" 417
"../../../Engine/Plugins/Editor/SpeedTreeImporter/Content/SpeedTree9/UnpackDirection.uasset" 418
"../../../Engine/Plugins/Editor/SpeedTreeImporter/Content/SpeedTree9/UnpackDirection.uexp" 419
"../../../Engine/Plugins/Editor/SpeedTreeImporter/Content/SpeedTree9/game_wind_noise.uasset" 420
"../../../Engine/Plugins/Editor/SpeedTreeImporter/Content/SpeedTree9/game_wind_noise.uexp" 421
"../../../Engine/Plugins/Editor/SpeedTreeImporter/Content/SpeedTree9/game_wind_noise.ubulk" 422
"../../../Engine/Content/Functions/Engine_MaterialFunctions02/SafeNormalize.uasset" 423
"../../../Engine/Content/Functions/Engine_MaterialFunctions02/SafeNormalize.uexp" 424
"../../../Engine/Plugins/Editor/SpeedTreeImporter/Content/SpeedTree9/SpeedTreeWindMotion.uasset" 425
"../../../Engine/Plugins/Editor/SpeedTreeImporter/Content/SpeedTree9/SpeedTreeWindMotion.uexp" 426
"../../../Engine/Plugins/Editor/SpeedTreeImporter/Content/SpeedTree9/SpeedTreeBranchMotion.uasset" 427
"../../../Engine/Plugins/Editor/SpeedTreeImporter/Content/SpeedTree9/SpeedTreeBranchMotion.uexp" 428
"../../../Engine/Content/Functions/Engine_MaterialFunctions02/ObjectLocalBounds.uasset" 429
"../../../Engine/Content/Functions/Engine_MaterialFunctions02/ObjectLocalBounds.uexp" 430
"../../../Engine/Content/Functions/Engine_MaterialFunctions02/UVs/BoundingBoxBased_0-1_UVW.uasset" 431
"../../../Engine/Content/Functions/Engine_MaterialFunctions02/UVs/BoundingBoxBased_0-1_UVW.uexp" 432
"../../../Engine/Content/Functions/Engine_MaterialFunctions02/Utility/VectorLength.uasset" 433
"../../../Engine/Content/Functions/Engine_MaterialFunctions02/Utility/VectorLength.uexp" 434
"../../../Engine/Content/Functions/Engine_MaterialFunctions02/WorldPositionOffset/ObjectScale.uasset" 435
"../../../Engine/Content/Functions/Engine_MaterialFunctions02/WorldPositionOffset/ObjectScale.uexp" 436
"../../../Engine/Plugins/Editor/SpeedTreeImporter/Content/SpeedTree9/SpeedTreeWind.uasset" 437
"../../../Engine/Plugins/Editor/SpeedTreeImporter/Content/SpeedTree9/SpeedTreeWind.uexp" 438
"../../../Engine/Plugins/Editor/SpeedTreeImporter/Content/SpeedTree9/SpeedTreeBillboard.uasset" 439
"../../../Engine/Plugins/Editor/SpeedTreeImporter/Content/SpeedTree9/SpeedTreeBillboard.uexp" 440
"../../../Engine/Plugins/Editor/SpeedTreeImporter/Content/SpeedTree9/EmptyNormal.uasset" 441
"../../../Engine/Plugins/Editor/SpeedTreeImporter/Content/SpeedTree9/EmptyNormal.uexp" 442
"../../../Engine/Plugins/Editor/SpeedTreeImporter/Content/SpeedTree9/Empty.uasset" 443
"../../../Engine/Plugins/Editor/SpeedTreeImporter/Content/SpeedTree9/Empty.uexp" 444
"../../../Engine/Plugins/Editor/SpeedTreeImporter/Content/SpeedTree9/SpeedTreeBillboardMaster.uasset" 445
"../../../Engine/Plugins/Editor/SpeedTreeImporter/Content/SpeedTree9/SpeedTreeBillboardMaster.uexp" 446
"../../../Engine/Plugins/Editor/SpeedTreeImporter/Content/SpeedTree9/SpeedTreeCameraFacing.uasset" 447
"../../../Engine/Plugins/Editor/SpeedTreeImporter/Content/SpeedTree9/SpeedTreeCameraFacing.uexp" 448
"../../../Engine/Plugins/Editor/SpeedTreeImporter/Content/SpeedTree9/SpeedTreeMaster.uasset" 449
"../../../Engine/Plugins/Editor/SpeedTreeImporter/Content/SpeedTree9/SpeedTreeMaster.uexp" 450
"../../../Engine/Plugins/Runtime/OpenXR/Content/Devices/GoogleDaydream/MRTexture.uasset" 451
"../../../Engine/Plugins/Runtime/OpenXR/Content/Devices/GoogleDaydream/MRTexture.uexp" 452
"../../../Engine/Plugins/Runtime/OpenXR/Content/Devices/GoogleDaydream/MRTexture.ubulk" 453
"../../../Engine/Plugins/Runtime/OpenXR/Content/Devices/GoogleDaydream/BaseTexture.uasset" 454
"../../../Engine/Plugins/Runtime/OpenXR/Content/Devices/GoogleDaydream/BaseTexture.uexp" 455
"../../../Engine/Plugins/Runtime/OpenXR/Content/Devices/GoogleDaydream/BaseTexture.ubulk" 456
"../../../Engine/Content/EngineResources/Black.uasset" 457
"../../../Engine/Content/EngineResources/Black.uexp" 458
"../../../Engine/Plugins/Runtime/OpenXR/Content/Devices/M_XRController.uasset" 459
"../../../Engine/Plugins/Runtime/OpenXR/Content/Devices/M_XRController.uexp" 460
"../../../Engine/Plugins/Runtime/OpenXR/Content/Devices/GoogleDaydream/MI_GoogleDaydream.uasset" 461
"../../../Engine/Plugins/Runtime/OpenXR/Content/Devices/GoogleDaydream/MI_GoogleDaydream.uexp" 462
"../../../Engine/Plugins/Runtime/OpenXR/Content/Devices/GoogleDaydream/GoogleDaydreamController.uasset" 463
"../../../Engine/Plugins/Runtime/OpenXR/Content/Devices/GoogleDaydream/GoogleDaydreamController.uexp" 464
"../../../Engine/Plugins/Runtime/OpenXR/Content/Devices/HTCVive/BaseTexture.uasset" 465
"../../../Engine/Plugins/Runtime/OpenXR/Content/Devices/HTCVive/BaseTexture.uexp" 466
"../../../Engine/Plugins/Runtime/OpenXR/Content/Devices/HTCVive/BaseTexture.ubulk" 467
"../../../Engine/Plugins/Runtime/OpenXR/Content/Devices/HTCVive/MI_HTCVive.uasset" 468
"../../../Engine/Plugins/Runtime/OpenXR/Content/Devices/HTCVive/MI_HTCVive.uexp" 469
"../../../Engine/Plugins/Runtime/OpenXR/Content/Devices/HTCVive/HTCViveController.uasset" 470
"../../../Engine/Plugins/Runtime/OpenXR/Content/Devices/HTCVive/HTCViveController.uexp" 471
"../../../Engine/Plugins/Runtime/OpenXR/Content/Devices/MicrosoftMixedReality/NormalTexture.uasset" 472
"../../../Engine/Plugins/Runtime/OpenXR/Content/Devices/MicrosoftMixedReality/NormalTexture.uexp" 473
"../../../Engine/Plugins/Runtime/OpenXR/Content/Devices/MicrosoftMixedReality/NormalTexture.ubulk" 474
"../../../Engine/Plugins/Runtime/OpenXR/Content/Devices/MicrosoftMixedReality/MRTexture.uasset" 475
"../../../Engine/Plugins/Runtime/OpenXR/Content/Devices/MicrosoftMixedReality/MRTexture.uexp" 476
"../../../Engine/Plugins/Runtime/OpenXR/Content/Devices/MicrosoftMixedReality/MRTexture.ubulk" 477
"../../../Engine/Plugins/Runtime/OpenXR/Content/Devices/MicrosoftMixedReality/EmissiveTexture.uasset" 478
"../../../Engine/Plugins/Runtime/OpenXR/Content/Devices/MicrosoftMixedReality/EmissiveTexture.uexp" 479
"../../../Engine/Plugins/Runtime/OpenXR/Content/Devices/MicrosoftMixedReality/EmissiveTexture.ubulk" 480
"../../../Engine/Plugins/Runtime/OpenXR/Content/Devices/MicrosoftMixedReality/BaseTexture.uasset" 481
"../../../Engine/Plugins/Runtime/OpenXR/Content/Devices/MicrosoftMixedReality/BaseTexture.uexp" 482
"../../../Engine/Plugins/Runtime/OpenXR/Content/Devices/MicrosoftMixedReality/BaseTexture.ubulk" 483
"../../../Engine/Plugins/Runtime/OpenXR/Content/Devices/MicrosoftMixedReality/MI_MicrosoftMixedReality.uasset" 484
"../../../Engine/Plugins/Runtime/OpenXR/Content/Devices/MicrosoftMixedReality/MI_MicrosoftMixedReality.uexp" 485
"../../../Engine/Plugins/Runtime/OpenXR/Content/Devices/MicrosoftMixedReality/Left/left_MicrosoftMixedRealityController.uasset" 486
"../../../Engine/Plugins/Runtime/OpenXR/Content/Devices/MicrosoftMixedReality/Left/left_MicrosoftMixedRealityController.uexp" 487
"../../../Engine/Plugins/Runtime/OpenXR/Content/Devices/MicrosoftMixedReality/Right/right_MicrosoftMixedRealityController.uasset" 488
"../../../Engine/Plugins/Runtime/OpenXR/Content/Devices/MicrosoftMixedReality/Right/right_MicrosoftMixedRealityController.uexp" 489
"../../../Engine/Plugins/Runtime/OpenXR/Content/Devices/OculusGo/BaseTexture.uasset" 490
"../../../Engine/Plugins/Runtime/OpenXR/Content/Devices/OculusGo/BaseTexture.uexp" 491
"../../../Engine/Plugins/Runtime/OpenXR/Content/Devices/OculusGo/BaseTexture.ubulk" 492
"../../../Engine/Plugins/Runtime/OpenXR/Content/Devices/OculusGo/MI_OculusGo.uasset" 493
"../../../Engine/Plugins/Runtime/OpenXR/Content/Devices/OculusGo/MI_OculusGo.uexp" 494
"../../../Engine/Plugins/Runtime/OpenXR/Content/Devices/OculusGo/OculusGoController.uasset" 495
"../../../Engine/Plugins/Runtime/OpenXR/Content/Devices/OculusGo/OculusGoController.uexp" 496
"../../../Engine/Plugins/Runtime/OpenXR/Content/Devices/OculusTouch/MRTexture.uasset" 497
"../../../Engine/Plugins/Runtime/OpenXR/Content/Devices/OculusTouch/MRTexture.uexp" 498
"../../../Engine/Plugins/Runtime/OpenXR/Content/Devices/OculusTouch/MRTexture.ubulk" 499
"../../../Engine/Plugins/Runtime/OpenXR/Content/Devices/OculusTouch/BaseTexture.uasset" 500
"../../../Engine/Plugins/Runtime/OpenXR/Content/Devices/OculusTouch/BaseTexture.uexp" 501
"../../../Engine/Plugins/Runtime/OpenXR/Content/Devices/OculusTouch/BaseTexture.ubulk" 502
"../../../Engine/Plugins/Runtime/OpenXR/Content/Devices/OculusTouch/MI_OculusTouch.uasset" 503
"../../../Engine/Plugins/Runtime/OpenXR/Content/Devices/OculusTouch/MI_OculusTouch.uexp" 504
"../../../Engine/Plugins/Runtime/OpenXR/Content/Devices/OculusTouch/Left/left_OculusTouchController.uasset" 505
"../../../Engine/Plugins/Runtime/OpenXR/Content/Devices/OculusTouch/Left/left_OculusTouchController.uexp" 506
"../../../Engine/Plugins/Runtime/OpenXR/Content/Devices/OculusTouch/Right/right_OculusTouchController.uasset" 507
"../../../Engine/Plugins/Runtime/OpenXR/Content/Devices/OculusTouch/Right/right_OculusTouchController.uexp" 508
"../../../Engine/Plugins/Runtime/OpenXR/Content/Devices/OculusTouch_v2/MRTexture.uasset" 509
"../../../Engine/Plugins/Runtime/OpenXR/Content/Devices/OculusTouch_v2/MRTexture.uexp" 510
"../../../Engine/Plugins/Runtime/OpenXR/Content/Devices/OculusTouch_v2/MRTexture.ubulk" 511
"../../../Engine/Plugins/Runtime/OpenXR/Content/Devices/OculusTouch_v2/BaseTexture.uasset" 512
"../../../Engine/Plugins/Runtime/OpenXR/Content/Devices/OculusTouch_v2/BaseTexture.uexp" 513
"../../../Engine/Plugins/Runtime/OpenXR/Content/Devices/OculusTouch_v2/BaseTexture.ubulk" 514
"../../../Engine/Plugins/Runtime/OpenXR/Content/Devices/OculusTouch_v2/MI_OculusTouch_v2.uasset" 515
"../../../Engine/Plugins/Runtime/OpenXR/Content/Devices/OculusTouch_v2/MI_OculusTouch_v2.uexp" 516
"../../../Engine/Plugins/Runtime/OpenXR/Content/Devices/OculusTouch_v2/Left/left_OculusTouch_v2Controller.uasset" 517
"../../../Engine/Plugins/Runtime/OpenXR/Content/Devices/OculusTouch_v2/Left/left_OculusTouch_v2Controller.uexp" 518
"../../../Engine/Plugins/Runtime/OpenXR/Content/Devices/OculusTouch_v2/Right/right_OculusTouch_v2Controller.uasset" 519
"../../../Engine/Plugins/Runtime/OpenXR/Content/Devices/OculusTouch_v2/Right/right_OculusTouch_v2Controller.uexp" 520
"../../../Engine/Plugins/Runtime/OpenXR/Content/Devices/OculusTouch_v3/MRTexture.uasset" 521
"../../../Engine/Plugins/Runtime/OpenXR/Content/Devices/OculusTouch_v3/MRTexture.uexp" 522
"../../../Engine/Plugins/Runtime/OpenXR/Content/Devices/OculusTouch_v3/MRTexture.ubulk" 523
"../../../Engine/Plugins/Runtime/OpenXR/Content/Devices/OculusTouch_v3/BaseTexture.uasset" 524
"../../../Engine/Plugins/Runtime/OpenXR/Content/Devices/OculusTouch_v3/BaseTexture.uexp" 525
"../../../Engine/Plugins/Runtime/OpenXR/Content/Devices/OculusTouch_v3/BaseTexture.ubulk" 526
"../../../Engine/Plugins/Runtime/OpenXR/Content/Devices/OculusTouch_v3/MI_OculusTouch_v3.uasset" 527
"../../../Engine/Plugins/Runtime/OpenXR/Content/Devices/OculusTouch_v3/MI_OculusTouch_v3.uexp" 528
"../../../Engine/Plugins/Runtime/OpenXR/Content/Devices/OculusTouch_v3/Left/left_OculusTouch_v3Controller.uasset" 529
"../../../Engine/Plugins/Runtime/OpenXR/Content/Devices/OculusTouch_v3/Left/left_OculusTouch_v3Controller.uexp" 530
"../../../Engine/Plugins/Runtime/OpenXR/Content/Devices/OculusTouch_v3/Right/right_OculusTouch_v3Controller.uasset" 531
"../../../Engine/Plugins/Runtime/OpenXR/Content/Devices/OculusTouch_v3/Right/right_OculusTouch_v3Controller.uexp" 532
"../../../Engine/Plugins/Runtime/OpenXR/Content/Devices/ValveIndex/MRTexture.uasset" 533
"../../../Engine/Plugins/Runtime/OpenXR/Content/Devices/ValveIndex/MRTexture.uexp" 534
"../../../Engine/Plugins/Runtime/OpenXR/Content/Devices/ValveIndex/MRTexture.ubulk" 535
"../../../Engine/Plugins/Runtime/OpenXR/Content/Devices/ValveIndex/BaseTexture.uasset" 536
"../../../Engine/Plugins/Runtime/OpenXR/Content/Devices/ValveIndex/BaseTexture.uexp" 537
"../../../Engine/Plugins/Runtime/OpenXR/Content/Devices/ValveIndex/BaseTexture.ubulk" 538
"../../../Engine/Plugins/Runtime/OpenXR/Content/Devices/ValveIndex/Left/MI_left_ValveIndex.uasset" 539
"../../../Engine/Plugins/Runtime/OpenXR/Content/Devices/ValveIndex/Left/MI_left_ValveIndex.uexp" 540
"../../../Engine/Plugins/Runtime/OpenXR/Content/Devices/ValveIndex/Left/left_ValveIndexController.uasset" 541
"../../../Engine/Plugins/Runtime/OpenXR/Content/Devices/ValveIndex/Left/left_ValveIndexController.uexp" 542
"../../../Engine/Plugins/Runtime/OpenXR/Content/Devices/ValveIndex/Right/MI_right_ValveIndex.uasset" 543
"../../../Engine/Plugins/Runtime/OpenXR/Content/Devices/ValveIndex/Right/MI_right_ValveIndex.uexp" 544
"../../../Engine/Plugins/Runtime/OpenXR/Content/Devices/ValveIndex/Right/right_ValveIndexController.uasset" 545
"../../../Engine/Plugins/Runtime/OpenXR/Content/Devices/ValveIndex/Right/right_ValveIndexController.uexp" 546
"D:/CSE381/UE4Basketball-CSE381-HW2/Content/Models/Hoop/basketball_hoop_diffuse_noAO.uasset" 547
"D:/CSE381/UE4Basketball-CSE381-HW2/Content/Models/Hoop/basketball_hoop_diffuse_noAO.uexp" 548
"D:/CSE381/UE4Basketball-CSE381-HW2/Content/Models/Hoop/basketball_hoop_diffuse_noAO.ubulk" 549
"D:/CSE381/UE4Basketball-CSE381-HW2/Content/Models/Hoop/main.uasset" 550
"D:/CSE381/UE4Basketball-CSE381-HW2/Content/Models/Hoop/main.uexp" 551
"D:/CSE381/UE4Basketball-CSE381-HW2/Content/Models/Hoop/basketball_hoop_Plane01.uasset" 552
"D:/CSE381/UE4Basketball-CSE381-HW2/Content/Models/Hoop/basketball_hoop_Plane01.uexp" 553
"D:/CSE381/UE4Basketball-CSE381-HW2/Content/Models/Hoop/glass_design.uasset" 554
"D:/CSE381/UE4Basketball-CSE381-HW2/Content/Models/Hoop/glass_design.uexp" 555
"D:/CSE381/UE4Basketball-CSE381-HW2/Content/Models/Hoop/basketball_hoop_Object03.uasset" 556
"D:/CSE381/UE4Basketball-CSE381-HW2/Content/Models/Hoop/basketball_hoop_Object03.uexp" 557
"../../../Engine/Content/Functions/Engine_MaterialFunctions02/Fresnel_Function.uasset" 558
"../../../Engine/Content/Functions/Engine_MaterialFunctions02/Fresnel_Function.uexp" 559
"D:/CSE381/UE4Basketball-CSE381-HW2/Content/Models/Hoop/glass.uasset" 560
"D:/CSE381/UE4Basketball-CSE381-HW2/Content/Models/Hoop/glass.uexp" 561
"D:/CSE381/UE4Basketball-CSE381-HW2/Content/Models/Hoop/basketball_hoop_Object01.uasset" 562
"D:/CSE381/UE4Basketball-CSE381-HW2/Content/Models/Hoop/basketball_hoop_Object01.uexp" 563
"D:/CSE381/UE4Basketball-CSE381-HW2/Content/Models/Bleachers/C01.uasset" 564
"D:/CSE381/UE4Basketball-CSE381-HW2/Content/Models/Bleachers/C01.uexp" 565
"D:/CSE381/UE4Basketball-CSE381-HW2/Content/Models/Bleachers/Metal-Aluminium.uasset" 566
"D:/CSE381/UE4Basketball-CSE381-HW2/Content/Models/Bleachers/Metal-Aluminium.uexp" 567
"D:/CSE381/UE4Basketball-CSE381-HW2/Content/Models/Bleachers/Wood-Pine.uasset" 568
"D:/CSE381/UE4Basketball-CSE381-HW2/Content/Models/Bleachers/Wood-Pine.uexp" 569
"D:/CSE381/UE4Basketball-CSE381-HW2/Content/Models/Bleachers/bleachers_1.uasset" 570
"D:/CSE381/UE4Basketball-CSE381-HW2/Content/Models/Bleachers/bleachers_1.uexp" 571
"../../../Engine/Content/EngineSky/T_Sky_Clouds_M.uasset" 572
"../../../Engine/Content/EngineSky/T_Sky_Clouds_M.uexp" 573
"../../../Engine/Content/EngineSky/T_Sky_Clouds_M.ubulk" 574
"../../../Engine/Content/EngineSky/T_Sky_Blue.uasset" 575
"../../../Engine/Content/EngineSky/T_Sky_Blue.uexp" 576
"../../../Engine/Content/EngineSky/T_Sky_Blue.ubulk" 577
"../../../Engine/Content/BasicShapes/Plane.uasset" 578
"../../../Engine/Content/BasicShapes/Plane.uexp" 579
"D:/CSE381/UE4Basketball-CSE381-HW2/Content/Textures/wall/GettyImages-482966731-eddd8d326f4e44e4afe9fd3dcd8f0938.uasset" 580
"D:/CSE381/UE4Basketball-CSE381-HW2/Content/Textures/wall/GettyImages-482966731-eddd8d326f4e44e4afe9fd3dcd8f0938.uexp" 581
"D:/CSE381/UE4Basketball-CSE381-HW2/Content/Textures/wall/GettyImages-482966731-eddd8d326f4e44e4afe9fd3dcd8f0938_Mat.uasset" 582
"D:/CSE381/UE4Basketball-CSE381-HW2/Content/Textures/wall/GettyImages-482966731-eddd8d326f4e44e4afe9fd3dcd8f0938_Mat.uexp" 583
"D:/CSE381/UE4Basketball-CSE381-HW2/Content/Textures/plaingymfloor.uasset" 584
"D:/CSE381/UE4Basketball-CSE381-HW2/Content/Textures/plaingymfloor.uexp" 585
"D:/CSE381/UE4Basketball-CSE381-HW2/Content/Textures/plaingymfloor_Mat.uasset" 586
"D:/CSE381/UE4Basketball-CSE381-HW2/Content/Textures/plaingymfloor_Mat.uexp" 587
"D:/CSE381/UE4Basketball-CSE381-HW2/Content/Textures/Gymfloor3_jpg4f6b1c13-e003-432f-94d2-93bc69eaa6b1Zoom.uasset" 588
"D:/CSE381/UE4Basketball-CSE381-HW2/Content/Textures/Gymfloor3_jpg4f6b1c13-e003-432f-94d2-93bc69eaa6b1Zoom.uexp" 589
"D:/CSE381/UE4Basketball-CSE381-HW2/Content/Textures/Gymfloor3_jpg4f6b1c13-e003-432f-94d2-93bc69eaa6b1Zoom_Mat.uasset" 590
"D:/CSE381/UE4Basketball-CSE381-HW2/Content/Textures/Gymfloor3_jpg4f6b1c13-e003-432f-94d2-93bc69eaa6b1Zoom_Mat.uexp" 591
"D:/CSE381/UE4Basketball-CSE381-HW2/Content/Textures/a93f5414deab8730837737145ee5334d.uasset" 592
"D:/CSE381/UE4Basketball-CSE381-HW2/Content/Textures/a93f5414deab8730837737145ee5334d.uexp" 593
"D:/CSE381/UE4Basketball-CSE381-HW2/Content/Textures/ceiling.uasset" 594
"D:/CSE381/UE4Basketball-CSE381-HW2/Content/Textures/ceiling.uexp" 595
"D:/CSE381/UE4Basketball-CSE381-HW2/Content/SphereMaterial2.uasset" 596
"D:/CSE381/UE4Basketball-CSE381-HW2/Content/SphereMaterial2.uexp" 597
"../../../Engine/Content/EngineSky/T_Sky_Stars.uasset" 598
"../../../Engine/Content/EngineSky/T_Sky_Stars.uexp" 599
"../../../Engine/Content/EngineSky/T_Sky_Stars.ubulk" 600
"../../../Engine/Content/EngineSky/M_Sky_Panning_Clouds2.uasset" 601
"../../../Engine/Content/EngineSky/M_Sky_Panning_Clouds2.uexp" 602
"D:/CSE381/UE4Basketball-CSE381-HW2/Content/Maps/BasketballMap_BuiltData.uasset" 603
"D:/CSE381/UE4Basketball-CSE381-HW2/Content/Maps/BasketballMap_BuiltData.uexp" 604
"D:/CSE381/UE4Basketball-CSE381-HW2/Content/Maps/BasketballMap_BuiltData.ubulk" 605
"D:/CSE381/UE4Basketball-CSE381-HW2/Content/Blueprints/BP_BallSpawner2.uasset" 606
"D:/CSE381/UE4Basketball-CSE381-HW2/Content/Blueprints/BP_BallSpawner2.uexp" 607
"D:/CSE381/UE4Basketball-CSE381-HW2/Content/Blueprints/BP_BallSpawner.uasset" 608
"D:/CSE381/UE4Basketball-CSE381-HW2/Content/Blueprints/BP_BallSpawner.uexp" 609
"D:/CSE381/UE4Basketball-CSE381-HW2/Content/Blueprints/BasketBlue.uasset" 610
"D:/CSE381/UE4Basketball-CSE381-HW2/Content/Blueprints/BasketBlue.uexp" 611
"../../../Engine/Content/EngineSky/SM_SkySphere.uasset" 612
"../../../Engine/Content/EngineSky/SM_SkySphere.uexp" 613
"../../../Engine/Content/EngineSky/C_Sky_Zenith_Color.uasset" 614
"../../../Engine/Content/EngineSky/C_Sky_Zenith_Color.uexp" 615
"../../../Engine/Content/EngineSky/C_Sky_Horizon_Color.uasset" 616
"../../../Engine/Content/EngineSky/C_Sky_Horizon_Color.uexp" 617
"../../../Engine/Content/EngineSky/C_Sky_Cloud_Color.uasset" 618
"../../../Engine/Content/EngineSky/C_Sky_Cloud_Color.uexp" 619
"../../../Engine/Content/EditorBlueprintResources/StandardMacros.uasset" 620
"../../../Engine/Content/EditorBlueprintResources/StandardMacros.uexp" 621
"../../../Engine/Content/EngineSky/BP_Sky_Sphere.uasset" 622
"../../../Engine/Content/EngineSky/BP_Sky_Sphere.uexp" 623
"D:/CSE381/UE4Basketball-CSE381-HW2/Content/Blueprints/BP_EnemyTarget2.uasset" 624
"D:/CSE381/UE4Basketball-CSE381-HW2/Content/Blueprints/BP_EnemyTarget2.uexp" 625
"D:/CSE381/UE4Basketball-CSE381-HW2/Content/Blueprints/BP_EnemyTarget.uasset" 626
"D:/CSE381/UE4Basketball-CSE381-HW2/Content/Blueprints/BP_EnemyTarget.uexp" 627
"D:/CSE381/UE4Basketball-CSE381-HW2/Content/Blueprints/BP_EnemyGlassMan.uasset" 628
"D:/CSE381/UE4Basketball-CSE381-HW2/Content/Blueprints/BP_EnemyGlassMan.uexp" 629
"D:/CSE381/UE4Basketball-CSE381-HW2/Content/SphereMaterial.uasset" 630
"D:/CSE381/UE4Basketball-CSE381-HW2/Content/SphereMaterial.uexp" 631
"D:/CSE381/UE4Basketball-CSE381-HW2/Content/Blueprints/BB_AIEnemy.uasset" 632
"D:/CSE381/UE4Basketball-CSE381-HW2/Content/Blueprints/BB_AIEnemy.uexp" 633
"D:/CSE381/UE4Basketball-CSE381-HW2/Content/Blueprints/BT_AIEnemy.uasset" 634
"D:/CSE381/UE4Basketball-CSE381-HW2/Content/Blueprints/BT_AIEnemy.uexp" 635
"D:/CSE381/UE4Basketball-CSE381-HW2/Content/Blueprints/BP_AIEnemy.uasset" 636
"D:/CSE381/UE4Basketball-CSE381-HW2/Content/Blueprints/BP_AIEnemy.uexp" 637
"D:/CSE381/UE4Basketball-CSE381-HW2/Content/Blueprints/BP_Enemy.uasset" 638
"D:/CSE381/UE4Basketball-CSE381-HW2/Content/Blueprints/BP_Enemy.uexp" 639
"D:/CSE381/UE4Basketball-CSE381-HW2/Content/Blueprints/BP_AIEnemy2.uasset" 640
"D:/CSE381/UE4Basketball-CSE381-HW2/Content/Blueprints/BP_AIEnemy2.uexp" 641
"D:/CSE381/UE4Basketball-CSE381-HW2/Content/Blueprints/BP_Enemy2.uasset" 642
"D:/CSE381/UE4Basketball-CSE381-HW2/Content/Blueprints/BP_Enemy2.uexp" 643
"D:/CSE381/UE4Basketball-CSE381-HW2/Content/Maps/BasketballMap.uexp" 644
"D:/CSE381/UE4Basketball-CSE381-HW2/Content/Maps/BasketballMap.umap" 645
"../../../Engine/Content/Maps/Entry_BuiltData.uasset" 646
"../../../Engine/Content/Maps/Entry_BuiltData.uexp" 647
"../../../Engine/Content/Maps/Entry.uexp" 648
"../../../Engine/Content/Maps/Entry.umap" 649
